{"C:\\Users\\anton\\OneDrive\\Documentos\\projetos\\API-reservas\\src\\app.js": {"path":"C:\\Users\\anton\\OneDrive\\Documentos\\projetos\\API-reservas\\src\\app.js","statementMap":{"0":{"start":{"line":4,"column":12},"end":{"line":4,"column":21}},"1":{"start":{"line":5,"column":0},"end":{"line":5,"column":12}}},"fnMap":{},"branchMap":{},"s":{"0":3,"1":3},"f":{},"b":{},"inputSourceMap":null,"_coverageSchema":"1a1c01bbd47fc00a2c39e90264f33305004495a9","hash":"c333c4caf341c1a38d16cb8cca277caea863b19c"}
,"C:\\Users\\anton\\OneDrive\\Documentos\\projetos\\API-reservas\\src\\controllers\\reservationsController.js": {"path":"C:\\Users\\anton\\OneDrive\\Documentos\\projetos\\API-reservas\\src\\controllers\\reservationsController.js","statementMap":{"0":{"start":{"line":4,"column":30},"end":{"line":12,"column":5}},"1":{"start":{"line":5,"column":8},"end":{"line":11,"column":9}},"2":{"start":{"line":6,"column":33},"end":{"line":6,"column":77}},"3":{"start":{"line":8,"column":12},"end":{"line":8,"column":47}},"4":{"start":{"line":10,"column":12},"end":{"line":10,"column":48}},"5":{"start":{"line":14,"column":33},"end":{"line":27,"column":5}},"6":{"start":{"line":15,"column":8},"end":{"line":26,"column":9}},"7":{"start":{"line":16,"column":23},"end":{"line":16,"column":46}},"8":{"start":{"line":17,"column":32},"end":{"line":17,"column":81}},"9":{"start":{"line":19,"column":12},"end":{"line":19,"column":46}},"10":{"start":{"line":21,"column":12},"end":{"line":25,"column":13}},"11":{"start":{"line":22,"column":16},"end":{"line":22,"column":52}},"12":{"start":{"line":24,"column":16},"end":{"line":24,"column":52}}},"fnMap":{"0":{"name":"(anonymous_0)","decl":{"start":{"line":4,"column":30},"end":{"line":4,"column":31}},"loc":{"start":{"line":4,"column":50},"end":{"line":12,"column":5}},"line":4},"1":{"name":"(anonymous_1)","decl":{"start":{"line":14,"column":33},"end":{"line":14,"column":34}},"loc":{"start":{"line":14,"column":53},"end":{"line":27,"column":5}},"line":14}},"branchMap":{"0":{"loc":{"start":{"line":21,"column":12},"end":{"line":25,"column":13}},"type":"if","locations":[{"start":{"line":21,"column":12},"end":{"line":25,"column":13}},{"start":{"line":23,"column":19},"end":{"line":25,"column":13}}],"line":21}},"s":{"0":3,"1":2,"2":2,"3":1,"4":1,"5":3,"6":4,"7":4,"8":4,"9":1,"10":3,"11":2,"12":1},"f":{"0":2,"1":4},"b":{"0":[2,1]},"inputSourceMap":null,"_coverageSchema":"1a1c01bbd47fc00a2c39e90264f33305004495a9","hash":"0afff3ac01c8208b00a17a80bb38a9297f2db8db"}
,"C:\\Users\\anton\\OneDrive\\Documentos\\projetos\\API-reservas\\src\\controllers\\tablesController.js": {"path":"C:\\Users\\anton\\OneDrive\\Documentos\\projetos\\API-reservas\\src\\controllers\\tablesController.js","statementMap":{"0":{"start":{"line":4,"column":24},"end":{"line":12,"column":5}},"1":{"start":{"line":5,"column":8},"end":{"line":11,"column":9}},"2":{"start":{"line":6,"column":27},"end":{"line":6,"column":59}},"3":{"start":{"line":8,"column":12},"end":{"line":8,"column":41}},"4":{"start":{"line":10,"column":12},"end":{"line":10,"column":48}},"5":{"start":{"line":14,"column":28},"end":{"line":27,"column":5}},"6":{"start":{"line":15,"column":8},"end":{"line":26,"column":9}},"7":{"start":{"line":16,"column":23},"end":{"line":16,"column":46}},"8":{"start":{"line":17,"column":27},"end":{"line":17,"column":65}},"9":{"start":{"line":19,"column":12},"end":{"line":19,"column":41}},"10":{"start":{"line":21,"column":12},"end":{"line":25,"column":13}},"11":{"start":{"line":22,"column":16},"end":{"line":22,"column":52}},"12":{"start":{"line":24,"column":16},"end":{"line":24,"column":52}}},"fnMap":{"0":{"name":"(anonymous_0)","decl":{"start":{"line":4,"column":24},"end":{"line":4,"column":25}},"loc":{"start":{"line":4,"column":44},"end":{"line":12,"column":5}},"line":4},"1":{"name":"(anonymous_1)","decl":{"start":{"line":14,"column":28},"end":{"line":14,"column":29}},"loc":{"start":{"line":14,"column":48},"end":{"line":27,"column":5}},"line":14}},"branchMap":{"0":{"loc":{"start":{"line":21,"column":12},"end":{"line":25,"column":13}},"type":"if","locations":[{"start":{"line":21,"column":12},"end":{"line":25,"column":13}},{"start":{"line":23,"column":19},"end":{"line":25,"column":13}}],"line":21}},"s":{"0":3,"1":2,"2":2,"3":1,"4":1,"5":3,"6":4,"7":4,"8":4,"9":1,"10":3,"11":2,"12":1},"f":{"0":2,"1":4},"b":{"0":[2,1]},"inputSourceMap":null,"_coverageSchema":"1a1c01bbd47fc00a2c39e90264f33305004495a9","hash":"a8d87791cf64f6de215d1621832759a8c9a26546"}
,"C:\\Users\\anton\\OneDrive\\Documentos\\projetos\\API-reservas\\src\\db\\dbConfig.js": {"path":"C:\\Users\\anton\\OneDrive\\Documentos\\projetos\\API-reservas\\src\\db\\dbConfig.js","statementMap":{"0":{"start":{"line":5,"column":19},"end":{"line":5,"column":49}},"1":{"start":{"line":6,"column":18},"end":{"line":6,"column":42}},"2":{"start":{"line":8,"column":11},"end":{"line":14,"column":2}}},"fnMap":{},"branchMap":{},"s":{"0":7,"1":7,"2":7},"f":{},"b":{},"inputSourceMap":null,"_coverageSchema":"1a1c01bbd47fc00a2c39e90264f33305004495a9","hash":"a87dce1ac19f28f227da5858beea62292a54360d"}
,"C:\\Users\\anton\\OneDrive\\Documentos\\projetos\\API-reservas\\src\\models\\reservation.js": {"path":"C:\\Users\\anton\\OneDrive\\Documentos\\projetos\\API-reservas\\src\\models\\reservation.js","statementMap":{"0":{"start":{"line":5,"column":8},"end":{"line":5,"column":33}},"1":{"start":{"line":6,"column":8},"end":{"line":6,"column":43}},"2":{"start":{"line":7,"column":8},"end":{"line":7,"column":35}},"3":{"start":{"line":11,"column":8},"end":{"line":11,"column":57}},"4":{"start":{"line":15,"column":28},"end":{"line":15,"column":83}},"5":{"start":{"line":16,"column":8},"end":{"line":16,"column":30}}},"fnMap":{"0":{"name":"(anonymous_0)","decl":{"start":{"line":4,"column":4},"end":{"line":4,"column":5}},"loc":{"start":{"line":4,"column":54},"end":{"line":8,"column":5}},"line":4},"1":{"name":"(anonymous_1)","decl":{"start":{"line":10,"column":4},"end":{"line":10,"column":5}},"loc":{"start":{"line":10,"column":35},"end":{"line":12,"column":5}},"line":10},"2":{"name":"(anonymous_2)","decl":{"start":{"line":14,"column":4},"end":{"line":14,"column":5}},"loc":{"start":{"line":14,"column":40},"end":{"line":17,"column":5}},"line":14}},"branchMap":{},"s":{"0":1,"1":1,"2":1,"3":1,"4":2,"5":2},"f":{"0":1,"1":1,"2":2},"b":{},"inputSourceMap":null,"_coverageSchema":"1a1c01bbd47fc00a2c39e90264f33305004495a9","hash":"b82aa7e87a45dfb5bec5321bcf8aefb7d7b5ecea"}
,"C:\\Users\\anton\\OneDrive\\Documentos\\projetos\\API-reservas\\src\\models\\table.js": {"path":"C:\\Users\\anton\\OneDrive\\Documentos\\projetos\\API-reservas\\src\\models\\table.js","statementMap":{"0":{"start":{"line":5,"column":8},"end":{"line":5,"column":27}},"1":{"start":{"line":6,"column":8},"end":{"line":6,"column":29}},"2":{"start":{"line":10,"column":8},"end":{"line":10,"column":51}},"3":{"start":{"line":14,"column":22},"end":{"line":14,"column":71}},"4":{"start":{"line":15,"column":8},"end":{"line":15,"column":24}}},"fnMap":{"0":{"name":"(anonymous_0)","decl":{"start":{"line":4,"column":4},"end":{"line":4,"column":5}},"loc":{"start":{"line":4,"column":33},"end":{"line":7,"column":5}},"line":4},"1":{"name":"(anonymous_1)","decl":{"start":{"line":9,"column":4},"end":{"line":9,"column":5}},"loc":{"start":{"line":9,"column":29},"end":{"line":11,"column":5}},"line":9},"2":{"name":"(anonymous_2)","decl":{"start":{"line":13,"column":4},"end":{"line":13,"column":5}},"loc":{"start":{"line":13,"column":34},"end":{"line":16,"column":5}},"line":13}},"branchMap":{},"s":{"0":1,"1":1,"2":1,"3":2,"4":2},"f":{"0":1,"1":1,"2":2},"b":{},"inputSourceMap":null,"_coverageSchema":"1a1c01bbd47fc00a2c39e90264f33305004495a9","hash":"9669a5f9aa05e65e9a7b6b5d861d01ece18519ee"}
,"C:\\Users\\anton\\OneDrive\\Documentos\\projetos\\API-reservas\\src\\routes\\index.js": {"path":"C:\\Users\\anton\\OneDrive\\Documentos\\projetos\\API-reservas\\src\\routes\\index.js","statementMap":{"0":{"start":{"line":5,"column":15},"end":{"line":15,"column":1}},"1":{"start":{"line":6,"column":4},"end":{"line":8,"column":7}},"2":{"start":{"line":7,"column":8},"end":{"line":7,"column":67}},"3":{"start":{"line":10,"column":4},"end":{"line":14,"column":5}}},"fnMap":{"0":{"name":"(anonymous_0)","decl":{"start":{"line":5,"column":15},"end":{"line":5,"column":16}},"loc":{"start":{"line":5,"column":24},"end":{"line":15,"column":1}},"line":5},"1":{"name":"(anonymous_1)","decl":{"start":{"line":6,"column":23},"end":{"line":6,"column":24}},"loc":{"start":{"line":6,"column":35},"end":{"line":8,"column":5}},"line":6}},"branchMap":{},"s":{"0":3,"1":3,"2":1,"3":3},"f":{"0":3,"1":1},"b":{},"inputSourceMap":null,"_coverageSchema":"1a1c01bbd47fc00a2c39e90264f33305004495a9","hash":"667afecd735f49df1a12dcff91714829bfa26d73"}
,"C:\\Users\\anton\\OneDrive\\Documentos\\projetos\\API-reservas\\src\\routes\\reservationsRoutes.js": {"path":"C:\\Users\\anton\\OneDrive\\Documentos\\projetos\\API-reservas\\src\\routes\\reservationsRoutes.js","statementMap":{"0":{"start":{"line":4,"column":15},"end":{"line":4,"column":31}},"1":{"start":{"line":6,"column":0},"end":{"line":8,"column":74}}},"fnMap":{},"branchMap":{},"s":{"0":3,"1":3},"f":{},"b":{},"inputSourceMap":null,"_coverageSchema":"1a1c01bbd47fc00a2c39e90264f33305004495a9","hash":"5aaccbb941be1accdcedec011ceae77194d6f7f4"}
,"C:\\Users\\anton\\OneDrive\\Documentos\\projetos\\API-reservas\\src\\routes\\tablesRoutes.js": {"path":"C:\\Users\\anton\\OneDrive\\Documentos\\projetos\\API-reservas\\src\\routes\\tablesRoutes.js","statementMap":{"0":{"start":{"line":4,"column":15},"end":{"line":4,"column":31}},"1":{"start":{"line":6,"column":0},"end":{"line":8,"column":57}}},"fnMap":{},"branchMap":{},"s":{"0":3,"1":3},"f":{},"b":{},"inputSourceMap":null,"_coverageSchema":"1a1c01bbd47fc00a2c39e90264f33305004495a9","hash":"b1799d1c9ae1d878a527012e5fca9a7fe97d0e66"}
,"C:\\Users\\anton\\OneDrive\\Documentos\\projetos\\API-reservas\\src\\services\\reservationsService.js": {"path":"C:\\Users\\anton\\OneDrive\\Documentos\\projetos\\API-reservas\\src\\services\\reservationsService.js","statementMap":{"0":{"start":{"line":5,"column":8},"end":{"line":10,"column":9}},"1":{"start":{"line":6,"column":33},"end":{"line":6,"column":68}},"2":{"start":{"line":7,"column":12},"end":{"line":7,"column":31}},"3":{"start":{"line":9,"column":12},"end":{"line":9,"column":43}},"4":{"start":{"line":14,"column":8},"end":{"line":23,"column":9}},"5":{"start":{"line":15,"column":12},"end":{"line":17,"column":13}},"6":{"start":{"line":16,"column":16},"end":{"line":16,"column":70}},"7":{"start":{"line":19,"column":32},"end":{"line":19,"column":72}},"8":{"start":{"line":20,"column":12},"end":{"line":20,"column":31}},"9":{"start":{"line":22,"column":12},"end":{"line":22,"column":43}}},"fnMap":{"0":{"name":"(anonymous_0)","decl":{"start":{"line":4,"column":4},"end":{"line":4,"column":5}},"loc":{"start":{"line":4,"column":36},"end":{"line":11,"column":5}},"line":4},"1":{"name":"(anonymous_1)","decl":{"start":{"line":13,"column":4},"end":{"line":13,"column":5}},"loc":{"start":{"line":13,"column":41},"end":{"line":24,"column":5}},"line":13}},"branchMap":{"0":{"loc":{"start":{"line":15,"column":12},"end":{"line":17,"column":13}},"type":"if","locations":[{"start":{"line":15,"column":12},"end":{"line":17,"column":13}},{"start":{},"end":{}}],"line":15}},"s":{"0":3,"1":3,"2":1,"3":2,"4":5,"5":5,"6":3,"7":2,"8":1,"9":4},"f":{"0":3,"1":5},"b":{"0":[3,2]},"inputSourceMap":null,"_coverageSchema":"1a1c01bbd47fc00a2c39e90264f33305004495a9","hash":"8fc41211613237d113201520b22c56614a8dfac2"}
,"C:\\Users\\anton\\OneDrive\\Documentos\\projetos\\API-reservas\\src\\services\\tablesService.js": {"path":"C:\\Users\\anton\\OneDrive\\Documentos\\projetos\\API-reservas\\src\\services\\tablesService.js","statementMap":{"0":{"start":{"line":5,"column":8},"end":{"line":10,"column":9}},"1":{"start":{"line":6,"column":27},"end":{"line":6,"column":50}},"2":{"start":{"line":7,"column":12},"end":{"line":7,"column":26}},"3":{"start":{"line":9,"column":12},"end":{"line":9,"column":43}},"4":{"start":{"line":14,"column":8},"end":{"line":23,"column":9}},"5":{"start":{"line":15,"column":12},"end":{"line":17,"column":13}},"6":{"start":{"line":16,"column":16},"end":{"line":16,"column":70}},"7":{"start":{"line":19,"column":26},"end":{"line":19,"column":54}},"8":{"start":{"line":20,"column":12},"end":{"line":20,"column":25}},"9":{"start":{"line":22,"column":12},"end":{"line":22,"column":43}}},"fnMap":{"0":{"name":"(anonymous_0)","decl":{"start":{"line":4,"column":4},"end":{"line":4,"column":5}},"loc":{"start":{"line":4,"column":30},"end":{"line":11,"column":5}},"line":4},"1":{"name":"(anonymous_1)","decl":{"start":{"line":13,"column":4},"end":{"line":13,"column":5}},"loc":{"start":{"line":13,"column":36},"end":{"line":24,"column":5}},"line":13}},"branchMap":{"0":{"loc":{"start":{"line":15,"column":12},"end":{"line":17,"column":13}},"type":"if","locations":[{"start":{"line":15,"column":12},"end":{"line":17,"column":13}},{"start":{},"end":{}}],"line":15}},"s":{"0":3,"1":3,"2":1,"3":2,"4":5,"5":5,"6":3,"7":2,"8":1,"9":4},"f":{"0":3,"1":5},"b":{"0":[3,2]},"inputSourceMap":null,"_coverageSchema":"1a1c01bbd47fc00a2c39e90264f33305004495a9","hash":"ceb1684d3273fda681fa6ad09ac6312b8354f60a"}
}
