{"C:\\Users\\Home\\Documents\\projetos\\API-reservas\\src\\app.js": {"path":"C:\\Users\\Home\\Documents\\projetos\\API-reservas\\src\\app.js","statementMap":{"0":{"start":{"line":4,"column":12},"end":{"line":4,"column":21}},"1":{"start":{"line":5,"column":0},"end":{"line":5,"column":24}},"2":{"start":{"line":6,"column":0},"end":{"line":6,"column":12}}},"fnMap":{},"branchMap":{},"s":{"0":3,"1":3,"2":3},"f":{},"b":{},"inputSourceMap":null,"_coverageSchema":"1a1c01bbd47fc00a2c39e90264f33305004495a9","hash":"eac59183029ba7ea152899fc5aed33bf7c5732f1"}
,"C:\\Users\\Home\\Documents\\projetos\\API-reservas\\src\\controllers\\reservationsController.js": {"path":"C:\\Users\\Home\\Documents\\projetos\\API-reservas\\src\\controllers\\reservationsController.js","statementMap":{"0":{"start":{"line":4,"column":30},"end":{"line":12,"column":5}},"1":{"start":{"line":5,"column":8},"end":{"line":11,"column":9}},"2":{"start":{"line":6,"column":33},"end":{"line":6,"column":77}},"3":{"start":{"line":8,"column":12},"end":{"line":8,"column":47}},"4":{"start":{"line":10,"column":12},"end":{"line":10,"column":48}},"5":{"start":{"line":14,"column":33},"end":{"line":27,"column":5}},"6":{"start":{"line":15,"column":8},"end":{"line":26,"column":9}},"7":{"start":{"line":16,"column":23},"end":{"line":16,"column":46}},"8":{"start":{"line":17,"column":32},"end":{"line":17,"column":81}},"9":{"start":{"line":19,"column":12},"end":{"line":19,"column":46}},"10":{"start":{"line":21,"column":12},"end":{"line":25,"column":13}},"11":{"start":{"line":22,"column":16},"end":{"line":22,"column":52}},"12":{"start":{"line":24,"column":16},"end":{"line":24,"column":52}}},"fnMap":{"0":{"name":"(anonymous_0)","decl":{"start":{"line":4,"column":30},"end":{"line":4,"column":31}},"loc":{"start":{"line":4,"column":50},"end":{"line":12,"column":5}},"line":4},"1":{"name":"(anonymous_1)","decl":{"start":{"line":14,"column":33},"end":{"line":14,"column":34}},"loc":{"start":{"line":14,"column":53},"end":{"line":27,"column":5}},"line":14}},"branchMap":{"0":{"loc":{"start":{"line":21,"column":12},"end":{"line":25,"column":13}},"type":"if","locations":[{"start":{"line":21,"column":12},"end":{"line":25,"column":13}},{"start":{"line":23,"column":19},"end":{"line":25,"column":13}}],"line":21}},"s":{"0":3,"1":2,"2":2,"3":1,"4":1,"5":3,"6":4,"7":4,"8":4,"9":1,"10":3,"11":2,"12":1},"f":{"0":2,"1":4},"b":{"0":[2,1]},"inputSourceMap":null,"_coverageSchema":"1a1c01bbd47fc00a2c39e90264f33305004495a9","hash":"b2c04f1d243a4e0de392527cec6bb745837a8528"}
,"C:\\Users\\Home\\Documents\\projetos\\API-reservas\\src\\controllers\\tablesController.js": {"path":"C:\\Users\\Home\\Documents\\projetos\\API-reservas\\src\\controllers\\tablesController.js","statementMap":{"0":{"start":{"line":4,"column":24},"end":{"line":12,"column":5}},"1":{"start":{"line":5,"column":8},"end":{"line":11,"column":9}},"2":{"start":{"line":6,"column":27},"end":{"line":6,"column":59}},"3":{"start":{"line":8,"column":12},"end":{"line":8,"column":41}},"4":{"start":{"line":10,"column":12},"end":{"line":10,"column":48}},"5":{"start":{"line":14,"column":28},"end":{"line":27,"column":5}},"6":{"start":{"line":15,"column":8},"end":{"line":26,"column":9}},"7":{"start":{"line":16,"column":23},"end":{"line":16,"column":46}},"8":{"start":{"line":17,"column":27},"end":{"line":17,"column":65}},"9":{"start":{"line":19,"column":12},"end":{"line":19,"column":41}},"10":{"start":{"line":21,"column":12},"end":{"line":25,"column":13}},"11":{"start":{"line":22,"column":16},"end":{"line":22,"column":52}},"12":{"start":{"line":24,"column":16},"end":{"line":24,"column":52}},"13":{"start":{"line":29,"column":25},"end":{"line":48,"column":5}},"14":{"start":{"line":30,"column":8},"end":{"line":47,"column":9}},"15":{"start":{"line":31,"column":29},"end":{"line":31,"column":32}},"16":{"start":{"line":32,"column":38},"end":{"line":32,"column":42}},"17":{"start":{"line":34,"column":12},"end":{"line":36,"column":13}},"18":{"start":{"line":35,"column":16},"end":{"line":35,"column":73}},"19":{"start":{"line":38,"column":27},"end":{"line":38,"column":77}},"20":{"start":{"line":40,"column":12},"end":{"line":40,"column":41}},"21":{"start":{"line":42,"column":12},"end":{"line":46,"column":13}},"22":{"start":{"line":43,"column":16},"end":{"line":43,"column":52}},"23":{"start":{"line":45,"column":16},"end":{"line":45,"column":52}},"24":{"start":{"line":50,"column":25},"end":{"line":63,"column":5}},"25":{"start":{"line":51,"column":8},"end":{"line":62,"column":9}},"26":{"start":{"line":52,"column":23},"end":{"line":52,"column":46}},"27":{"start":{"line":53,"column":27},"end":{"line":53,"column":62}},"28":{"start":{"line":55,"column":12},"end":{"line":55,"column":41}},"29":{"start":{"line":57,"column":12},"end":{"line":61,"column":13}},"30":{"start":{"line":58,"column":16},"end":{"line":58,"column":52}},"31":{"start":{"line":60,"column":16},"end":{"line":60,"column":52}},"32":{"start":{"line":65,"column":25},"end":{"line":78,"column":5}},"33":{"start":{"line":66,"column":8},"end":{"line":77,"column":9}},"34":{"start":{"line":67,"column":23},"end":{"line":67,"column":46}},"35":{"start":{"line":68,"column":27},"end":{"line":68,"column":62}},"36":{"start":{"line":70,"column":12},"end":{"line":70,"column":41}},"37":{"start":{"line":72,"column":12},"end":{"line":76,"column":13}},"38":{"start":{"line":73,"column":16},"end":{"line":73,"column":52}},"39":{"start":{"line":75,"column":16},"end":{"line":75,"column":52}}},"fnMap":{"0":{"name":"(anonymous_0)","decl":{"start":{"line":4,"column":24},"end":{"line":4,"column":25}},"loc":{"start":{"line":4,"column":42},"end":{"line":12,"column":5}},"line":4},"1":{"name":"(anonymous_1)","decl":{"start":{"line":14,"column":28},"end":{"line":14,"column":29}},"loc":{"start":{"line":14,"column":48},"end":{"line":27,"column":5}},"line":14},"2":{"name":"(anonymous_2)","decl":{"start":{"line":29,"column":25},"end":{"line":29,"column":26}},"loc":{"start":{"line":29,"column":45},"end":{"line":48,"column":5}},"line":29},"3":{"name":"(anonymous_3)","decl":{"start":{"line":50,"column":25},"end":{"line":50,"column":26}},"loc":{"start":{"line":50,"column":45},"end":{"line":63,"column":5}},"line":50},"4":{"name":"(anonymous_4)","decl":{"start":{"line":65,"column":25},"end":{"line":65,"column":26}},"loc":{"start":{"line":65,"column":45},"end":{"line":78,"column":5}},"line":65}},"branchMap":{"0":{"loc":{"start":{"line":21,"column":12},"end":{"line":25,"column":13}},"type":"if","locations":[{"start":{"line":21,"column":12},"end":{"line":25,"column":13}},{"start":{"line":23,"column":19},"end":{"line":25,"column":13}}],"line":21},"1":{"loc":{"start":{"line":34,"column":12},"end":{"line":36,"column":13}},"type":"if","locations":[{"start":{"line":34,"column":12},"end":{"line":36,"column":13}},{"start":{},"end":{}}],"line":34},"2":{"loc":{"start":{"line":34,"column":16},"end":{"line":34,"column":72}},"type":"binary-expr","locations":[{"start":{"line":34,"column":16},"end":{"line":34,"column":41}},{"start":{"line":34,"column":45},"end":{"line":34,"column":72}}],"line":34},"3":{"loc":{"start":{"line":42,"column":12},"end":{"line":46,"column":13}},"type":"if","locations":[{"start":{"line":42,"column":12},"end":{"line":46,"column":13}},{"start":{"line":44,"column":19},"end":{"line":46,"column":13}}],"line":42},"4":{"loc":{"start":{"line":42,"column":16},"end":{"line":42,"column":121}},"type":"binary-expr","locations":[{"start":{"line":42,"column":16},"end":{"line":42,"column":66}},{"start":{"line":42,"column":70},"end":{"line":42,"column":121}}],"line":42},"5":{"loc":{"start":{"line":57,"column":12},"end":{"line":61,"column":13}},"type":"if","locations":[{"start":{"line":57,"column":12},"end":{"line":61,"column":13}},{"start":{"line":59,"column":19},"end":{"line":61,"column":13}}],"line":57},"6":{"loc":{"start":{"line":72,"column":12},"end":{"line":76,"column":13}},"type":"if","locations":[{"start":{"line":72,"column":12},"end":{"line":76,"column":13}},{"start":{"line":74,"column":19},"end":{"line":76,"column":13}}],"line":72}},"s":{"0":3,"1":2,"2":2,"3":1,"4":1,"5":3,"6":4,"7":4,"8":4,"9":1,"10":3,"11":2,"12":1,"13":3,"14":1,"15":1,"16":1,"17":1,"18":0,"19":1,"20":1,"21":0,"22":0,"23":0,"24":3,"25":0,"26":0,"27":0,"28":0,"29":0,"30":0,"31":0,"32":3,"33":0,"34":0,"35":0,"36":0,"37":0,"38":0,"39":0},"f":{"0":2,"1":4,"2":1,"3":0,"4":0},"b":{"0":[2,1],"1":[0,1],"2":[1,1],"3":[0,0],"4":[0,0],"5":[0,0],"6":[0,0]},"inputSourceMap":null,"_coverageSchema":"1a1c01bbd47fc00a2c39e90264f33305004495a9","hash":"e1ded3cfcef6d1f54a218920adde7aee0d5b2bdc"}
,"C:\\Users\\Home\\Documents\\projetos\\API-reservas\\src\\db\\dbConfig.js": {"path":"C:\\Users\\Home\\Documents\\projetos\\API-reservas\\src\\db\\dbConfig.js","statementMap":{"0":{"start":{"line":5,"column":19},"end":{"line":5,"column":49}},"1":{"start":{"line":6,"column":18},"end":{"line":6,"column":42}},"2":{"start":{"line":8,"column":11},"end":{"line":14,"column":2}}},"fnMap":{},"branchMap":{},"s":{"0":7,"1":7,"2":7},"f":{},"b":{},"inputSourceMap":null,"_coverageSchema":"1a1c01bbd47fc00a2c39e90264f33305004495a9","hash":"13866342aa61521e8d1705cbe2055b2ffde0c76b"}
,"C:\\Users\\Home\\Documents\\projetos\\API-reservas\\src\\models\\reservation.js": {"path":"C:\\Users\\Home\\Documents\\projetos\\API-reservas\\src\\models\\reservation.js","statementMap":{"0":{"start":{"line":5,"column":8},"end":{"line":5,"column":33}},"1":{"start":{"line":6,"column":8},"end":{"line":6,"column":43}},"2":{"start":{"line":7,"column":8},"end":{"line":7,"column":35}},"3":{"start":{"line":11,"column":8},"end":{"line":11,"column":57}},"4":{"start":{"line":15,"column":28},"end":{"line":15,"column":83}},"5":{"start":{"line":16,"column":8},"end":{"line":16,"column":30}}},"fnMap":{"0":{"name":"(anonymous_0)","decl":{"start":{"line":4,"column":4},"end":{"line":4,"column":5}},"loc":{"start":{"line":4,"column":54},"end":{"line":8,"column":5}},"line":4},"1":{"name":"(anonymous_1)","decl":{"start":{"line":10,"column":4},"end":{"line":10,"column":5}},"loc":{"start":{"line":10,"column":35},"end":{"line":12,"column":5}},"line":10},"2":{"name":"(anonymous_2)","decl":{"start":{"line":14,"column":4},"end":{"line":14,"column":5}},"loc":{"start":{"line":14,"column":40},"end":{"line":17,"column":5}},"line":14}},"branchMap":{},"s":{"0":1,"1":1,"2":1,"3":1,"4":2,"5":2},"f":{"0":1,"1":1,"2":2},"b":{},"inputSourceMap":null,"_coverageSchema":"1a1c01bbd47fc00a2c39e90264f33305004495a9","hash":"0df31a95ba99fc8681959c88795a59be7b35b47f"}
,"C:\\Users\\Home\\Documents\\projetos\\API-reservas\\src\\models\\table.js": {"path":"C:\\Users\\Home\\Documents\\projetos\\API-reservas\\src\\models\\table.js","statementMap":{"0":{"start":{"line":5,"column":8},"end":{"line":5,"column":27}},"1":{"start":{"line":6,"column":8},"end":{"line":6,"column":29}},"2":{"start":{"line":10,"column":8},"end":{"line":10,"column":51}},"3":{"start":{"line":14,"column":26},"end":{"line":14,"column":75}},"4":{"start":{"line":15,"column":8},"end":{"line":15,"column":21}},"5":{"start":{"line":19,"column":34},"end":{"line":19,"column":38}},"6":{"start":{"line":20,"column":28},"end":{"line":20,"column":72}},"7":{"start":{"line":21,"column":26},"end":{"line":21,"column":84}},"8":{"start":{"line":22,"column":8},"end":{"line":22,"column":21}},"9":{"start":{"line":26,"column":22},"end":{"line":26,"column":50}},"10":{"start":{"line":27,"column":8},"end":{"line":29,"column":25}},"11":{"start":{"line":30,"column":8},"end":{"line":30,"column":44}},"12":{"start":{"line":34,"column":24},"end":{"line":34,"column":46}},"13":{"start":{"line":35,"column":8},"end":{"line":37,"column":19}},"14":{"start":{"line":38,"column":8},"end":{"line":38,"column":23}}},"fnMap":{"0":{"name":"(anonymous_0)","decl":{"start":{"line":4,"column":4},"end":{"line":4,"column":5}},"loc":{"start":{"line":4,"column":35},"end":{"line":7,"column":5}},"line":4},"1":{"name":"(anonymous_1)","decl":{"start":{"line":9,"column":4},"end":{"line":9,"column":5}},"loc":{"start":{"line":9,"column":29},"end":{"line":11,"column":5}},"line":9},"2":{"name":"(anonymous_2)","decl":{"start":{"line":13,"column":4},"end":{"line":13,"column":5}},"loc":{"start":{"line":13,"column":34},"end":{"line":16,"column":5}},"line":13},"3":{"name":"(anonymous_3)","decl":{"start":{"line":18,"column":4},"end":{"line":18,"column":5}},"loc":{"start":{"line":18,"column":22},"end":{"line":23,"column":5}},"line":18},"4":{"name":"(anonymous_4)","decl":{"start":{"line":25,"column":4},"end":{"line":25,"column":5}},"loc":{"start":{"line":25,"column":32},"end":{"line":31,"column":5}},"line":25},"5":{"name":"(anonymous_5)","decl":{"start":{"line":33,"column":4},"end":{"line":33,"column":5}},"loc":{"start":{"line":33,"column":33},"end":{"line":39,"column":5}},"line":33}},"branchMap":{},"s":{"0":3,"1":3,"2":1,"3":5,"4":5,"5":3,"6":3,"7":3,"8":3,"9":1,"10":1,"11":1,"12":1,"13":1,"14":1},"f":{"0":3,"1":1,"2":5,"3":3,"4":1,"5":1},"b":{},"inputSourceMap":null,"_coverageSchema":"1a1c01bbd47fc00a2c39e90264f33305004495a9","hash":"160e82568edcf0212d437d38622735e690e5242d"}
,"C:\\Users\\Home\\Documents\\projetos\\API-reservas\\src\\routes\\index.js": {"path":"C:\\Users\\Home\\Documents\\projetos\\API-reservas\\src\\routes\\index.js","statementMap":{"0":{"start":{"line":5,"column":15},"end":{"line":15,"column":1}},"1":{"start":{"line":6,"column":4},"end":{"line":8,"column":7}},"2":{"start":{"line":7,"column":8},"end":{"line":7,"column":67}},"3":{"start":{"line":10,"column":4},"end":{"line":14,"column":5}}},"fnMap":{"0":{"name":"(anonymous_0)","decl":{"start":{"line":5,"column":15},"end":{"line":5,"column":16}},"loc":{"start":{"line":5,"column":24},"end":{"line":15,"column":1}},"line":5},"1":{"name":"(anonymous_1)","decl":{"start":{"line":6,"column":23},"end":{"line":6,"column":24}},"loc":{"start":{"line":6,"column":35},"end":{"line":8,"column":5}},"line":6}},"branchMap":{},"s":{"0":3,"1":3,"2":1,"3":3},"f":{"0":3,"1":1},"b":{},"inputSourceMap":null,"_coverageSchema":"1a1c01bbd47fc00a2c39e90264f33305004495a9","hash":"5581a4d58dfcfc4c4e6c3644cd7c33ea9c64df95"}
,"C:\\Users\\Home\\Documents\\projetos\\API-reservas\\src\\routes\\reservationsRoutes.js": {"path":"C:\\Users\\Home\\Documents\\projetos\\API-reservas\\src\\routes\\reservationsRoutes.js","statementMap":{"0":{"start":{"line":4,"column":15},"end":{"line":4,"column":31}},"1":{"start":{"line":6,"column":0},"end":{"line":8,"column":74}}},"fnMap":{},"branchMap":{},"s":{"0":3,"1":3},"f":{},"b":{},"inputSourceMap":null,"_coverageSchema":"1a1c01bbd47fc00a2c39e90264f33305004495a9","hash":"fda70d8a5fbcf47312543518fdb9cae6ce74f2d1"}
,"C:\\Users\\Home\\Documents\\projetos\\API-reservas\\src\\routes\\tablesRoutes.js": {"path":"C:\\Users\\Home\\Documents\\projetos\\API-reservas\\src\\routes\\tablesRoutes.js","statementMap":{"0":{"start":{"line":4,"column":15},"end":{"line":4,"column":31}},"1":{"start":{"line":6,"column":0},"end":{"line":11,"column":57}}},"fnMap":{},"branchMap":{},"s":{"0":3,"1":3},"f":{},"b":{},"inputSourceMap":null,"_coverageSchema":"1a1c01bbd47fc00a2c39e90264f33305004495a9","hash":"0f3fbeb50a8bc66191136a815cb5537e4ba90a16"}
,"C:\\Users\\Home\\Documents\\projetos\\API-reservas\\src\\services\\reservationsService.js": {"path":"C:\\Users\\Home\\Documents\\projetos\\API-reservas\\src\\services\\reservationsService.js","statementMap":{"0":{"start":{"line":5,"column":8},"end":{"line":10,"column":9}},"1":{"start":{"line":6,"column":33},"end":{"line":6,"column":68}},"2":{"start":{"line":7,"column":12},"end":{"line":7,"column":31}},"3":{"start":{"line":9,"column":12},"end":{"line":9,"column":43}},"4":{"start":{"line":14,"column":8},"end":{"line":23,"column":9}},"5":{"start":{"line":15,"column":12},"end":{"line":17,"column":13}},"6":{"start":{"line":16,"column":16},"end":{"line":16,"column":70}},"7":{"start":{"line":19,"column":32},"end":{"line":19,"column":72}},"8":{"start":{"line":20,"column":12},"end":{"line":20,"column":31}},"9":{"start":{"line":22,"column":12},"end":{"line":22,"column":43}}},"fnMap":{"0":{"name":"(anonymous_0)","decl":{"start":{"line":4,"column":4},"end":{"line":4,"column":5}},"loc":{"start":{"line":4,"column":36},"end":{"line":11,"column":5}},"line":4},"1":{"name":"(anonymous_1)","decl":{"start":{"line":13,"column":4},"end":{"line":13,"column":5}},"loc":{"start":{"line":13,"column":41},"end":{"line":24,"column":5}},"line":13}},"branchMap":{"0":{"loc":{"start":{"line":15,"column":12},"end":{"line":17,"column":13}},"type":"if","locations":[{"start":{"line":15,"column":12},"end":{"line":17,"column":13}},{"start":{},"end":{}}],"line":15}},"s":{"0":3,"1":3,"2":1,"3":2,"4":5,"5":5,"6":3,"7":2,"8":1,"9":4},"f":{"0":3,"1":5},"b":{"0":[3,2]},"inputSourceMap":null,"_coverageSchema":"1a1c01bbd47fc00a2c39e90264f33305004495a9","hash":"5003a13e2ad69dcf64a49fbcc8a014566ddd840f"}
,"C:\\Users\\Home\\Documents\\projetos\\API-reservas\\src\\services\\tablesService.js": {"path":"C:\\Users\\Home\\Documents\\projetos\\API-reservas\\src\\services\\tablesService.js","statementMap":{"0":{"start":{"line":5,"column":8},"end":{"line":10,"column":9}},"1":{"start":{"line":6,"column":27},"end":{"line":6,"column":50}},"2":{"start":{"line":7,"column":12},"end":{"line":7,"column":26}},"3":{"start":{"line":9,"column":12},"end":{"line":9,"column":43}},"4":{"start":{"line":14,"column":8},"end":{"line":23,"column":9}},"5":{"start":{"line":15,"column":12},"end":{"line":17,"column":13}},"6":{"start":{"line":16,"column":16},"end":{"line":16,"column":70}},"7":{"start":{"line":19,"column":26},"end":{"line":19,"column":54}},"8":{"start":{"line":20,"column":12},"end":{"line":20,"column":25}},"9":{"start":{"line":22,"column":12},"end":{"line":22,"column":43}},"10":{"start":{"line":27,"column":8},"end":{"line":40,"column":9}},"11":{"start":{"line":28,"column":12},"end":{"line":32,"column":13}},"12":{"start":{"line":29,"column":16},"end":{"line":29,"column":66}},"13":{"start":{"line":30,"column":19},"end":{"line":32,"column":13}},"14":{"start":{"line":31,"column":16},"end":{"line":31,"column":67}},"15":{"start":{"line":34,"column":26},"end":{"line":34,"column":41}},"16":{"start":{"line":35,"column":29},"end":{"line":35,"column":52}},"17":{"start":{"line":37,"column":12},"end":{"line":37,"column":65}},"18":{"start":{"line":39,"column":12},"end":{"line":39,"column":43}},"19":{"start":{"line":44,"column":8},"end":{"line":54,"column":9}},"20":{"start":{"line":45,"column":12},"end":{"line":47,"column":13}},"21":{"start":{"line":46,"column":16},"end":{"line":46,"column":70}},"22":{"start":{"line":49,"column":29},"end":{"line":49,"column":55}},"23":{"start":{"line":51,"column":12},"end":{"line":51,"column":65}},"24":{"start":{"line":53,"column":12},"end":{"line":53,"column":43}},"25":{"start":{"line":58,"column":8},"end":{"line":68,"column":9}},"26":{"start":{"line":59,"column":12},"end":{"line":61,"column":13}},"27":{"start":{"line":60,"column":16},"end":{"line":60,"column":70}},"28":{"start":{"line":63,"column":29},"end":{"line":63,"column":56}},"29":{"start":{"line":65,"column":12},"end":{"line":65,"column":65}},"30":{"start":{"line":67,"column":12},"end":{"line":67,"column":43}}},"fnMap":{"0":{"name":"(anonymous_0)","decl":{"start":{"line":4,"column":4},"end":{"line":4,"column":5}},"loc":{"start":{"line":4,"column":30},"end":{"line":11,"column":5}},"line":4},"1":{"name":"(anonymous_1)","decl":{"start":{"line":13,"column":4},"end":{"line":13,"column":5}},"loc":{"start":{"line":13,"column":36},"end":{"line":24,"column":5}},"line":13},"2":{"name":"(anonymous_2)","decl":{"start":{"line":26,"column":4},"end":{"line":26,"column":5}},"loc":{"start":{"line":26,"column":35},"end":{"line":41,"column":5}},"line":26},"3":{"name":"(anonymous_3)","decl":{"start":{"line":43,"column":4},"end":{"line":43,"column":5}},"loc":{"start":{"line":43,"column":33},"end":{"line":55,"column":5}},"line":43},"4":{"name":"(anonymous_4)","decl":{"start":{"line":57,"column":4},"end":{"line":57,"column":5}},"loc":{"start":{"line":57,"column":33},"end":{"line":69,"column":5}},"line":57}},"branchMap":{"0":{"loc":{"start":{"line":15,"column":12},"end":{"line":17,"column":13}},"type":"if","locations":[{"start":{"line":15,"column":12},"end":{"line":17,"column":13}},{"start":{},"end":{}}],"line":15},"1":{"loc":{"start":{"line":28,"column":12},"end":{"line":32,"column":13}},"type":"if","locations":[{"start":{"line":28,"column":12},"end":{"line":32,"column":13}},{"start":{"line":30,"column":19},"end":{"line":32,"column":13}}],"line":28},"2":{"loc":{"start":{"line":30,"column":19},"end":{"line":32,"column":13}},"type":"if","locations":[{"start":{"line":30,"column":19},"end":{"line":32,"column":13}},{"start":{},"end":{}}],"line":30},"3":{"loc":{"start":{"line":45,"column":12},"end":{"line":47,"column":13}},"type":"if","locations":[{"start":{"line":45,"column":12},"end":{"line":47,"column":13}},{"start":{},"end":{}}],"line":45},"4":{"loc":{"start":{"line":59,"column":12},"end":{"line":61,"column":13}},"type":"if","locations":[{"start":{"line":59,"column":12},"end":{"line":61,"column":13}},{"start":{},"end":{}}],"line":59}},"s":{"0":3,"1":3,"2":1,"3":2,"4":5,"5":5,"6":3,"7":2,"8":1,"9":4,"10":4,"11":4,"12":1,"13":3,"14":1,"15":2,"16":2,"17":2,"18":2,"19":1,"20":1,"21":0,"22":1,"23":0,"24":1,"25":1,"26":1,"27":0,"28":1,"29":0,"30":1},"f":{"0":3,"1":5,"2":4,"3":1,"4":1},"b":{"0":[3,2],"1":[1,3],"2":[1,2],"3":[0,1],"4":[0,1]},"inputSourceMap":null,"_coverageSchema":"1a1c01bbd47fc00a2c39e90264f33305004495a9","hash":"4060526cb97c2f52afc42bf54f07ea90a806225d"}
}
