TN:
SF:src\app.js
FNF:0
FNH:0
DA:4,3
DA:5,3
DA:6,3
LF:3
LH:3
BRF:0
BRH:0
end_of_record
TN:
SF:src\controllers\reservationsController.js
FN:4,(anonymous_0)
FN:14,(anonymous_1)
FNF:2
FNH:2
FNDA:2,(anonymous_0)
FNDA:4,(anonymous_1)
DA:4,3
DA:5,2
DA:6,2
DA:8,1
DA:10,1
DA:14,3
DA:15,4
DA:16,4
DA:17,4
DA:19,1
DA:21,3
DA:22,2
DA:24,1
LF:13
LH:13
BRDA:21,0,0,2
BRDA:21,0,1,1
BRF:2
BRH:2
end_of_record
TN:
SF:src\controllers\tablesController.js
FN:4,(anonymous_0)
FN:14,(anonymous_1)
FN:29,(anonymous_2)
FN:50,(anonymous_3)
FN:65,(anonymous_4)
FNF:5
FNH:3
FNDA:2,(anonymous_0)
FNDA:4,(anonymous_1)
FNDA:1,(anonymous_2)
FNDA:0,(anonymous_3)
FNDA:0,(anonymous_4)
DA:4,3
DA:5,2
DA:6,2
DA:8,1
DA:10,1
DA:14,3
DA:15,4
DA:16,4
DA:17,4
DA:19,1
DA:21,3
DA:22,2
DA:24,1
DA:29,3
DA:30,1
DA:31,1
DA:32,1
DA:34,1
DA:35,0
DA:38,1
DA:40,1
DA:42,0
DA:43,0
DA:45,0
DA:50,3
DA:51,0
DA:52,0
DA:53,0
DA:55,0
DA:57,0
DA:58,0
DA:60,0
DA:65,3
DA:66,0
DA:67,0
DA:68,0
DA:70,0
DA:72,0
DA:73,0
DA:75,0
LF:40
LH:22
BRDA:21,0,0,2
BRDA:21,0,1,1
BRDA:34,1,0,0
BRDA:34,1,1,1
BRDA:34,2,0,1
BRDA:34,2,1,1
BRDA:42,3,0,0
BRDA:42,3,1,0
BRDA:42,4,0,0
BRDA:42,4,1,0
BRDA:57,5,0,0
BRDA:57,5,1,0
BRDA:72,6,0,0
BRDA:72,6,1,0
BRF:14
BRH:5
end_of_record
TN:
SF:src\db\dbConfig.js
FNF:0
FNH:0
DA:5,7
DA:6,7
DA:8,7
LF:3
LH:3
BRF:0
BRH:0
end_of_record
TN:
SF:src\models\reservation.js
FN:4,(anonymous_0)
FN:10,(anonymous_1)
FN:14,(anonymous_2)
FNF:3
FNH:3
FNDA:1,(anonymous_0)
FNDA:1,(anonymous_1)
FNDA:2,(anonymous_2)
DA:5,1
DA:6,1
DA:7,1
DA:11,1
DA:15,2
DA:16,2
LF:6
LH:6
BRF:0
BRH:0
end_of_record
TN:
SF:src\models\table.js
FN:4,(anonymous_0)
FN:9,(anonymous_1)
FN:13,(anonymous_2)
FN:18,(anonymous_3)
FN:25,(anonymous_4)
FN:33,(anonymous_5)
FNF:6
FNH:6
FNDA:3,(anonymous_0)
FNDA:1,(anonymous_1)
FNDA:5,(anonymous_2)
FNDA:3,(anonymous_3)
FNDA:1,(anonymous_4)
FNDA:1,(anonymous_5)
DA:5,3
DA:6,3
DA:10,1
DA:14,5
DA:15,5
DA:19,3
DA:20,3
DA:21,3
DA:22,3
DA:26,1
DA:27,1
DA:30,1
DA:34,1
DA:35,1
DA:38,1
LF:15
LH:15
BRF:0
BRH:0
end_of_record
TN:
SF:src\routes\index.js
FN:5,(anonymous_0)
FN:6,(anonymous_1)
FNF:2
FNH:2
FNDA:3,(anonymous_0)
FNDA:1,(anonymous_1)
DA:5,3
DA:6,3
DA:7,1
DA:10,3
LF:4
LH:4
BRF:0
BRH:0
end_of_record
TN:
SF:src\routes\reservationsRoutes.js
FNF:0
FNH:0
DA:4,3
DA:6,3
LF:2
LH:2
BRF:0
BRH:0
end_of_record
TN:
SF:src\routes\tablesRoutes.js
FNF:0
FNH:0
DA:4,3
DA:6,3
LF:2
LH:2
BRF:0
BRH:0
end_of_record
TN:
SF:src\services\reservationsService.js
FN:4,(anonymous_0)
FN:13,(anonymous_1)
FNF:2
FNH:2
FNDA:3,(anonymous_0)
FNDA:5,(anonymous_1)
DA:5,3
DA:6,3
DA:7,1
DA:9,2
DA:14,5
DA:15,5
DA:16,3
DA:19,2
DA:20,1
DA:22,4
LF:10
LH:10
BRDA:15,0,0,3
BRDA:15,0,1,2
BRF:2
BRH:2
end_of_record
TN:
SF:src\services\tablesService.js
FN:4,(anonymous_0)
FN:13,(anonymous_1)
FN:26,(anonymous_2)
FN:43,(anonymous_3)
FN:57,(anonymous_4)
FNF:5
FNH:5
FNDA:3,(anonymous_0)
FNDA:5,(anonymous_1)
FNDA:4,(anonymous_2)
FNDA:1,(anonymous_3)
FNDA:1,(anonymous_4)
DA:5,3
DA:6,3
DA:7,1
DA:9,2
DA:14,5
DA:15,5
DA:16,3
DA:19,2
DA:20,1
DA:22,4
DA:27,4
DA:28,4
DA:29,1
DA:30,3
DA:31,1
DA:34,2
DA:35,2
DA:37,2
DA:39,2
DA:44,1
DA:45,1
DA:46,0
DA:49,1
DA:51,0
DA:53,1
DA:58,1
DA:59,1
DA:60,0
DA:63,1
DA:65,0
DA:67,1
LF:31
LH:27
BRDA:15,0,0,3
BRDA:15,0,1,2
BRDA:28,1,0,1
BRDA:28,1,1,3
BRDA:30,2,0,1
BRDA:30,2,1,2
BRDA:45,3,0,0
BRDA:45,3,1,1
BRDA:59,4,0,0
BRDA:59,4,1,1
BRF:10
BRH:8
end_of_record
